# JRE version: Java(TM) SE Runtime Environment (23.0.1+11) (build 23.0.1+11-39)
# Java VM: Java HotSpot(TM) 64-Bit Server VM (23.0.1+11-39, mixed mode, sharing, tiered, compressed oops, compressed class ptrs, g1 gc, windows-amd64)
GC Precious Log:
 CardTable entry size: 512
 Card Set container configuration: InlinePtr #cards 4 size 8 Array Of Cards #cards 16 size 48 Howl #buckets 8 coarsen threshold 3686 Howl Bitmap #cards 512 size 80 coarsen threshold 460 Card regions per heap region 1 cards per card region 4096
 CPUs: 12 total, 12 available
 Memory: 16297M
 Large Page Support: Disabled
 NUMA Support: Disabled
 Compressed Oops: Enabled (Zero based)
 Heap Region Size: 2M
 Heap Min Capacity: 8M
 Heap Initial Capacity: 256M
 Heap Max Capacity: 4076M
 Pre-touch: Disabled
 Parallel Workers: 10
 Concurrent Workers: 3
 Concurrent Refinement Workers: 10
 Periodic GC: Disabled
Heap:
 garbage-first heap   total reserved 4173824K, committed 342016K, used 158658K [0x0000000701400000, 0x0000000800000000)
  region size 2048K, 18 young (36864K), 2 survivors (4096K)
 Metaspace       used 27748K, committed 28096K, reserved 1114112K
  class space    used 3779K, committed 3904K, reserved 1048576K
GC Heap History (20 events):
Event: 700.619 GC heap before
{Heap before GC invocations=183 (full 0):
 garbage-first heap   total reserved 4173824K, committed 180224K, used 80552K [0x0000000701400000, 0x0000000800000000)
  region size 2048K, 3 young (6144K), 2 survivors (4096K)
 Metaspace       used 27529K, committed 27904K, reserved 1114112K
  class space    used 3752K, committed 3904K, reserved 1048576K
}
Event: 700.621 GC heap after
{Heap after GC invocations=184 (full 0):
 garbage-first heap   total reserved 4173824K, committed 180224K, used 74476K [0x0000000701400000, 0x0000000800000000)
  region size 2048K, 2 young (4096K), 2 survivors (4096K)
 Metaspace       used 27529K, committed 27904K, reserved 1114112K
  class space    used 3752K, committed 3904K, reserved 1048576K
}
Event: 700.622 GC heap before
{Heap before GC invocations=184 (full 0):
 garbage-first heap   total reserved 4173824K, committed 180224K, used 80620K [0x0000000701400000, 0x0000000800000000)
  region size 2048K, 3 young (6144K), 2 survivors (4096K)
 Metaspace       used 27529K, committed 27904K, reserved 1114112K
  class space    used 3752K, committed 3904K, reserved 1048576K
}
Event: 700.623 GC heap after
{Heap after GC invocations=185 (full 0):
 garbage-first heap   total reserved 4173824K, committed 180224K, used 80614K [0x0000000701400000, 0x0000000800000000)
  region size 2048K, 2 young (4096K), 2 survivors (4096K)
 Metaspace       used 27529K, committed 27904K, reserved 1114112K
  class space    used 3752K, committed 3904K, reserved 1048576K
}
Event: 700.876 GC heap before
{Heap before GC invocations=185 (full 0):
 garbage-first heap   total reserved 4173824K, committed 180224K, used 88806K [0x0000000701400000, 0x0000000800000000)
  region size 2048K, 4 young (8192K), 2 survivors (4096K)
 Metaspace       used 27529K, committed 27904K, reserved 1114112K
  class space    used 3752K, committed 3904K, reserved 1048576K
}
Event: 700.882 GC heap after
{Heap after GC invocations=186 (full 0):
 garbage-first heap   total reserved 4173824K, committed 180224K, used 80079K [0x0000000701400000, 0x0000000800000000)
  region size 2048K, 1 young (2048K), 1 survivors (2048K)
 Metaspace       used 27529K, committed 27904K, reserved 1114112K
  class space    used 3752K, committed 3904K, reserved 1048576K
}
Event: 700.894 GC heap before
{Heap before GC invocations=186 (full 0):
 garbage-first heap   total reserved 4173824K, committed 180224K, used 86223K [0x0000000701400000, 0x0000000800000000)
  region size 2048K, 2 young (4096K), 1 survivors (2048K)
 Metaspace       used 27529K, committed 27904K, reserved 1114112K
  class space    used 3752K, committed 3904K, reserved 1048576K
}
Event: 700.896 GC heap after
{Heap after GC invocations=187 (full 0):
 garbage-first heap   total reserved 4173824K, committed 180224K, used 86287K [0x0000000701400000, 0x0000000800000000)
  region size 2048K, 1 young (2048K), 1 survivors (2048K)
 Metaspace       used 27529K, committed 27904K, reserved 1114112K
  class space    used 3752K, committed 3904K, reserved 1048576K
}
Event: 703.273 GC heap before
{Heap before GC invocations=188 (full 0):
 garbage-first heap   total reserved 4173824K, committed 296960K, used 293135K [0x0000000701400000, 0x0000000800000000)
  region size 2048K, 5 young (10240K), 1 survivors (2048K)
 Metaspace       used 27536K, committed 27904K, reserved 1114112K
  class space    used 3752K, committed 3904K, reserved 1048576K
}
Event: 703.274 GC heap after
{Heap after GC invocations=189 (full 0):
 garbage-first heap   total reserved 4173824K, committed 301056K, used 72246K [0x0000000701400000, 0x0000000800000000)
  region size 2048K, 2 young (4096K), 2 survivors (4096K)
 Metaspace       used 27536K, committed 27904K, reserved 1114112K
  class space    used 3752K, committed 3904K, reserved 1048576K
}
Event: 706.880 GC heap before
{Heap before GC invocations=189 (full 0):
 garbage-first heap   total reserved 4173824K, committed 337920K, used 332342K [0x0000000701400000, 0x0000000800000000)
  region size 2048K, 10 young (20480K), 2 survivors (4096K)
 Metaspace       used 27542K, committed 27904K, reserved 1114112K
  class space    used 3752K, committed 3904K, reserved 1048576K
}
Event: 706.882 GC heap after
{Heap after GC invocations=190 (full 0):
 garbage-first heap   total reserved 4173824K, committed 342016K, used 71412K [0x0000000701400000, 0x0000000800000000)
  region size 2048K, 2 young (4096K), 2 survivors (4096K)
 Metaspace       used 27542K, committed 27904K, reserved 1114112K
  class space    used 3752K, committed 3904K, reserved 1048576K
}
Event: 708.465 GC heap before
{Heap before GC invocations=190 (full 0):
 garbage-first heap   total reserved 4173824K, committed 342016K, used 165620K [0x0000000701400000, 0x0000000800000000)
  region size 2048K, 11 young (22528K), 2 survivors (4096K)
 Metaspace       used 27542K, committed 27904K, reserved 1114112K
  class space    used 3752K, committed 3904K, reserved 1048576K
}
Event: 708.466 GC heap after
{Heap after GC invocations=191 (full 0):
 garbage-first heap   total reserved 4173824K, committed 342016K, used 73144K [0x0000000701400000, 0x0000000800000000)
  region size 2048K, 3 young (6144K), 3 survivors (6144K)
 Metaspace       used 27542K, committed 27904K, reserved 1114112K
  class space    used 3752K, committed 3904K, reserved 1048576K
}
Event: 710.181 GC heap before
{Heap before GC invocations=191 (full 0):
 garbage-first heap   total reserved 4173824K, committed 342016K, used 165304K [0x0000000701400000, 0x0000000800000000)
  region size 2048K, 11 young (22528K), 3 survivors (6144K)
 Metaspace       used 27543K, committed 27904K, reserved 1114112K
  class space    used 3752K, committed 3904K, reserved 1048576K
}
Event: 710.182 GC heap after
{Heap after GC invocations=192 (full 0):
 garbage-first heap   total reserved 4173824K, committed 342016K, used 72766K [0x0000000701400000, 0x0000000800000000)
  region size 2048K, 2 young (4096K), 2 survivors (4096K)
 Metaspace       used 27543K, committed 27904K, reserved 1114112K
  class space    used 3752K, committed 3904K, reserved 1048576K
}
Event: 711.680 GC heap before
{Heap before GC invocations=192 (full 0):
 garbage-first heap   total reserved 4173824K, committed 342016K, used 166974K [0x0000000701400000, 0x0000000800000000)
  region size 2048K, 11 young (22528K), 2 survivors (4096K)
 Metaspace       used 27545K, committed 27904K, reserved 1114112K
  class space    used 3752K, committed 3904K, reserved 1048576K
}
Event: 711.681 GC heap after
{Heap after GC invocations=193 (full 0):
 garbage-first heap   total reserved 4173824K, committed 342016K, used 85371K [0x0000000701400000, 0x0000000800000000)
  region size 2048K, 3 young (6144K), 3 survivors (6144K)
 Metaspace       used 27545K, committed 27904K, reserved 1114112K
  class space    used 3752K, committed 3904K, reserved 1048576K
}
Event: 713.028 GC heap before
{Heap before GC invocations=193 (full 0):
 garbage-first heap   total reserved 4173824K, committed 342016K, used 165243K [0x0000000701400000, 0x0000000800000000)
  region size 2048K, 11 young (22528K), 3 survivors (6144K)
 Metaspace       used 27550K, committed 27904K, reserved 1114112K
  class space    used 3752K, committed 3904K, reserved 1048576K
}
Event: 713.030 GC heap after
{Heap after GC invocations=194 (full 0):
 garbage-first heap   total reserved 4173824K, committed 342016K, used 84930K [0x0000000701400000, 0x0000000800000000)
  region size 2048K, 2 young (4096K), 2 survivors (4096K)
 Metaspace       used 27550K, committed 27904K, reserved 1114112K
  class space    used 3752K, committed 3904K, reserved 1048576K
}

